[2023-05-11 00:01:05] INFO root fetch - main [MainThread]: Get Changelog since Serial: [18053193]
[2023-05-11 00:01:10] INFO root fetch - main [MainThread]: Found 19 changed packages
[2023-05-11 00:01:10] INFO root fetch - processPackages [ThreadPoolExecutor-0_0]: Start processing: certora-cli-alpha-mike-consolidate-errors
[2023-05-11 00:01:10] INFO root fetch - processPackages [ThreadPoolExecutor-0_1]: Start processing: pyrc-python-utils
[2023-05-11 00:01:10] INFO root fetch - processPackages [ThreadPoolExecutor-0_2]: Start processing: atuin-graph
[2023-05-11 00:01:10] INFO root fetch - processPackages [ThreadPoolExecutor-0_3]: Start processing: nb-move-imports
[2023-05-11 00:01:10] INFO root fetch - processPackages [ThreadPoolExecutor-0_4]: Start processing: batframes
[2023-05-11 00:01:10] INFO root fetch - processPackages [ThreadPoolExecutor-0_5]: Start processing: procurement-bytetheory
[2023-05-11 00:01:10] INFO root fetch - processPackages [ThreadPoolExecutor-0_6]: Start processing: autoprof
[2023-05-11 00:01:10] INFO root fetch - processPackages [ThreadPoolExecutor-0_7]: Start processing: HandsomeSerialization
[2023-05-11 00:01:10] INFO root fetch - processPackages [ThreadPoolExecutor-0_8]: Start processing: Calculadoradatu
[2023-05-11 00:01:10] INFO root fetch - processPackages [ThreadPoolExecutor-0_9]: Start processing: kolibri-ml
[2023-05-11 00:01:10] WARNING root fetch - processPackages [certora-cli-alpha-mike-consolidate-errors]: Skipping, unable to determine old version
[2023-05-11 00:01:10] INFO root fetch - processPackages [certora-cli-alpha-mike-consolidate-errors]: Start processing: bigraph-schema
[2023-05-11 00:01:10] INFO root fetch - main [MainThread]: End processing [certora-cli-alpha-mike-consolidate-errors] error
[2023-05-11 00:01:10] INFO root fetch - processPackages [batframes]: New version: [1.0.0.7] Old Version: [1.0.0.6]
[2023-05-11 00:01:10] INFO root fetch - processPackages [HandsomeSerialization]: New version: [0.1.1] Old Version: [0.1.0]
[2023-05-11 00:01:10] INFO root fetch - processPackages [nb-move-imports]: New version: [0.4.3] Old Version: [0.4.1]
[2023-05-11 00:01:10] INFO root fetch - processPackages [autoprof]: New version: [0.7.2] Old Version: [0.7.1]
[2023-05-11 00:01:10] INFO root fetch - processPackages [pyrc-python-utils]: New version: [1.0.9] Old Version: [1.0.8]
[2023-05-11 00:01:10] INFO root fetch - processPackages [procurement-bytetheory]: New version: [1.0.9] Old Version: [1.0.8]
[2023-05-11 00:01:10] INFO root fetch - processPackages [atuin-graph]: New version: [1.0.1] Old Version: [1.0.0]
[2023-05-11 00:01:10] WARNING root fetch - processPackages [Calculadoradatu]: Skipping, unable to determine old version
[2023-05-11 00:01:10] INFO root fetch - processPackages [Calculadoradatu]: Start processing: svix
[2023-05-11 00:01:10] INFO root fetch - main [MainThread]: End processing [Calculadoradatu] error
[2023-05-11 00:01:10] INFO root fetch - processPackages [kolibri-ml]: New version: [1.1.8] Old Version: [1.1.7]
[2023-05-11 00:01:10] INFO root fetch - processPackages [bigraph-schema]: New version: [0.0.8] Old Version: [0.0.7]
[2023-05-11 00:01:10] INFO root fetch - processPackages [svix]: New version: [0.85.1] Old Version: [0.85.0]
[2023-05-11 00:01:10] INFO root fetch - processPackages [kolibri-ml]: executing diffoscope
[2023-05-11 00:01:10] INFO root fetch - processPackages [kolibri-ml]: podman run --user 0:0 --rm -w /home/abi/fetcher -v /home/abi/fetcher/tmp:/home/abi/fetcher/tmp:ro -v /home/abi/fetcher/20230511:/home/abi/fetcher/20230511:rw registry.salsa.debian.org/reproducible-builds/diffoscope --no-progress tmp/kolibri_ml-1.1.7-py3-none-any.whl.zip tmp/kolibri_ml-1.1.8-py3-none-any.whl.zip --markdown 20230511/k/kolibri-ml/1.1.7-1.1.8/diff.md --exclude *.pyd
[2023-05-11 00:01:10] INFO root fetch - processPackages [procurement-bytetheory]: executing diffoscope
[2023-05-11 00:01:10] INFO root fetch - processPackages [procurement-bytetheory]: podman run --user 0:0 --rm -w /home/abi/fetcher -v /home/abi/fetcher/tmp:/home/abi/fetcher/tmp:ro -v /home/abi/fetcher/20230511:/home/abi/fetcher/20230511:rw registry.salsa.debian.org/reproducible-builds/diffoscope --no-progress tmp/procurement_bytetheory-1.0.8.tar.gz tmp/procurement_bytetheory-1.0.9.tar.gz --markdown 20230511/p/procurement-bytetheory/1.0.8-1.0.9/diff.md --exclude *.pyd
[2023-05-11 00:01:10] INFO root fetch - processPackages [HandsomeSerialization]: Downloading https://files.pythonhosted.org/packages/6f/0c/8fffac1afdfd803d0bdda9966929ef6c811631e2f17216dfb86847fa25c3/HandsomeSerialization-0.1.0.tar.gz
[2023-05-11 00:01:10] INFO root fetch - processPackages [batframes]: Downloading https://files.pythonhosted.org/packages/57/0c/f8519396422cbb36d0304d04bc19cc42aa3369127be4305d32b4613f7119/batframes-1.0.0.7.tar.gz
[2023-05-11 00:01:10] INFO root fetch - processPackages [autoprof]: Downloading https://files.pythonhosted.org/packages/88/2b/cb9f629f9ef2955c86f15170cedb4790124a36bbb1fdec7f7b51e973f338/autoprof-0.7.2-py2.py3-none-any.whl
[2023-05-11 00:01:10] INFO root fetch - processPackages [atuin-graph]: Downloading https://files.pythonhosted.org/packages/78/44/d1482786cce215e5293d0b30991fa4028595d6ee41d17ad2f5866f775379/atuin_graph-1.0.0.tar.gz
[2023-05-11 00:01:10] INFO root fetch - processPackages [bigraph-schema]: Downloading https://files.pythonhosted.org/packages/b2/bc/ab886cf6ac6b1a84be05ad9065c46bbb65e9840f3e8ad804d65741865ebd/bigraph-schema-0.0.7.tar.gz
[2023-05-11 00:01:10] INFO root fetch - processPackages [nb-move-imports]: Downloading https://files.pythonhosted.org/packages/1c/e5/87b54a54d2446c2c915b43dbad011c6046de930ec1a79a2a5b538668fc51/nb_move_imports-0.4.1.tar.gz
[2023-05-11 00:01:10] WARNING root fetch - processPackages [atuin-graph]: Skipping package: exceeds size limit 44925047>=10485760
[2023-05-11 00:01:10] INFO root fetch - processPackages [atuin-graph]: Start processing: emmet-core
[2023-05-11 00:01:10] INFO root fetch - main [MainThread]: End processing [atuin-graph] error
[2023-05-11 00:01:10] INFO root fetch - processPackages [svix]: Downloading https://files.pythonhosted.org/packages/42/b9/a77467cc3c7b09d4abcaf20a30413bcdc0366ca25ec73ca170ac73660e3a/svix-0.85.1.tar.gz
[2023-05-11 00:01:10] INFO root fetch - processPackages [emmet-core]: New version: [0.9.3] Old Version: [0.9.2]
[2023-05-11 00:01:10] INFO root fetch - processPackages [autoprof]: executing diffoscope
[2023-05-11 00:01:10] INFO root fetch - processPackages [autoprof]: podman run --user 0:0 --rm -w /home/abi/fetcher -v /home/abi/fetcher/tmp:/home/abi/fetcher/tmp:ro -v /home/abi/fetcher/20230511:/home/abi/fetcher/20230511:rw registry.salsa.debian.org/reproducible-builds/diffoscope --no-progress tmp/autoprof-0.7.1-py2.py3-none-any.whl.zip tmp/autoprof-0.7.2-py2.py3-none-any.whl.zip --markdown 20230511/a/autoprof/0.7.1-0.7.2/diff.md --exclude *.pyd
[2023-05-11 00:01:10] INFO root fetch - processPackages [batframes]: executing diffoscope
[2023-05-11 00:01:10] INFO root fetch - processPackages [batframes]: podman run --user 0:0 --rm -w /home/abi/fetcher -v /home/abi/fetcher/tmp:/home/abi/fetcher/tmp:ro -v /home/abi/fetcher/20230511:/home/abi/fetcher/20230511:rw registry.salsa.debian.org/reproducible-builds/diffoscope --no-progress tmp/batframes-1.0.0.6.tar.gz tmp/batframes-1.0.0.7.tar.gz --markdown 20230511/b/batframes/1.0.0.6-1.0.0.7/diff.md --exclude *.pyd
[2023-05-11 00:01:10] INFO root fetch - processPackages [pyrc-python-utils]: executing diffoscope
[2023-05-11 00:01:10] INFO root fetch - processPackages [pyrc-python-utils]: podman run --user 0:0 --rm -w /home/abi/fetcher -v /home/abi/fetcher/tmp:/home/abi/fetcher/tmp:ro -v /home/abi/fetcher/20230511:/home/abi/fetcher/20230511:rw registry.salsa.debian.org/reproducible-builds/diffoscope --no-progress tmp/pyrc-python-utils-1.0.8.tar.gz tmp/pyrc-python-utils-1.0.9.tar.gz --markdown 20230511/p/pyrc-python-utils/1.0.8-1.0.9/diff.md --exclude *.pyd
[2023-05-11 00:01:10] INFO root fetch - processPackages [svix]: executing diffoscope
[2023-05-11 00:01:10] INFO root fetch - processPackages [svix]: podman run --user 0:0 --rm -w /home/abi/fetcher -v /home/abi/fetcher/tmp:/home/abi/fetcher/tmp:ro -v /home/abi/fetcher/20230511:/home/abi/fetcher/20230511:rw registry.salsa.debian.org/reproducible-builds/diffoscope --no-progress tmp/svix-0.85.0.tar.gz tmp/svix-0.85.1.tar.gz --markdown 20230511/s/svix/0.85.0-0.85.1/diff.md --exclude *.pyd
[2023-05-11 00:01:10] INFO root fetch - processPackages [HandsomeSerialization]: Downloading https://files.pythonhosted.org/packages/30/ba/913baa70d0af4b0409596261e7ae71c849d85e224ae0911dbbbdaadeb169/HandsomeSerialization-0.1.1.tar.gz
[2023-05-11 00:01:10] INFO root fetch - processPackages [bigraph-schema]: Downloading https://files.pythonhosted.org/packages/df/8e/61432e7e2966e9e03a0109b78f810b877d0a4243c7fc3e9379a460c0dbc4/bigraph-schema-0.0.8.tar.gz
[2023-05-11 00:01:10] INFO root fetch - processPackages [HandsomeSerialization]: executing diffoscope
[2023-05-11 00:01:10] INFO root fetch - processPackages [HandsomeSerialization]: podman run --user 0:0 --rm -w /home/abi/fetcher -v /home/abi/fetcher/tmp:/home/abi/fetcher/tmp:ro -v /home/abi/fetcher/20230511:/home/abi/fetcher/20230511:rw registry.salsa.debian.org/reproducible-builds/diffoscope --no-progress tmp/HandsomeSerialization-0.1.0.tar.gz tmp/HandsomeSerialization-0.1.1.tar.gz --markdown 20230511/H/HandsomeSerialization/0.1.0-0.1.1/diff.md --exclude *.pyd
[2023-05-11 00:01:10] INFO root fetch - processPackages [bigraph-schema]: executing diffoscope
[2023-05-11 00:01:10] INFO root fetch - processPackages [bigraph-schema]: podman run --user 0:0 --rm -w /home/abi/fetcher -v /home/abi/fetcher/tmp:/home/abi/fetcher/tmp:ro -v /home/abi/fetcher/20230511:/home/abi/fetcher/20230511:rw registry.salsa.debian.org/reproducible-builds/diffoscope --no-progress tmp/bigraph-schema-0.0.7.tar.gz tmp/bigraph-schema-0.0.8.tar.gz --markdown 20230511/b/bigraph-schema/0.0.7-0.0.8/diff.md --exclude *.pyd
[2023-05-11 00:01:10] INFO root fetch - processPackages [nb-move-imports]: Downloading https://files.pythonhosted.org/packages/86/a6/1ce75b0b0feb601625033855e0aed2556cf895203f4f0b7b1078dd1f38ce/nb_move_imports-0.4.3.tar.gz
[2023-05-11 00:01:10] INFO root fetch - processPackages [nb-move-imports]: executing diffoscope
[2023-05-11 00:01:10] INFO root fetch - processPackages [nb-move-imports]: podman run --user 0:0 --rm -w /home/abi/fetcher -v /home/abi/fetcher/tmp:/home/abi/fetcher/tmp:ro -v /home/abi/fetcher/20230511:/home/abi/fetcher/20230511:rw registry.salsa.debian.org/reproducible-builds/diffoscope --no-progress tmp/nb_move_imports-0.4.1.tar.gz tmp/nb_move_imports-0.4.3.tar.gz --markdown 20230511/n/nb-move-imports/0.4.1-0.4.3/diff.md --exclude *.pyd
[2023-05-11 00:01:10] INFO root fetch - processPackages [emmet-core]: executing diffoscope
[2023-05-11 00:01:10] INFO root fetch - processPackages [emmet-core]: podman run --user 0:0 --rm -w /home/abi/fetcher -v /home/abi/fetcher/tmp:/home/abi/fetcher/tmp:ro -v /home/abi/fetcher/20230511:/home/abi/fetcher/20230511:rw registry.salsa.debian.org/reproducible-builds/diffoscope --no-progress tmp/emmet-core-0.9.2.tar.gz tmp/emmet-core-0.9.3.tar.gz --markdown 20230511/e/emmet-core/0.9.2-0.9.3/diff.md --exclude *.pyd
[2023-05-11 00:01:11] INFO root fetch - processPackages [procurement-bytetheory]: Start processing: stmapy
[2023-05-11 00:01:11] INFO root fetch - main [MainThread]: End processing [procurement-bytetheory]: success
[2023-05-11 00:01:11] WARNING root fetch - processPackages [stmapy]: Skipping, unable to determine old version
[2023-05-11 00:01:11] INFO root fetch - processPackages [stmapy]: Start processing: mobie
[2023-05-11 00:01:11] INFO root fetch - main [MainThread]: End processing [stmapy] error
[2023-05-11 00:01:12] INFO root fetch - processPackages [batframes]: Start processing: emmet-builders
[2023-05-11 00:01:12] INFO root fetch - main [MainThread]: End processing [batframes]: success
[2023-05-11 00:01:12] INFO root fetch - processPackages [mobie]: New version: [4.0.4] Old Version: [4.0.3]
[2023-05-11 00:01:12] INFO root fetch - processPackages [emmet-builders]: New version: [0.9.3] Old Version: [0.9.2]
[2023-05-11 00:01:12] INFO root fetch - processPackages [pyrc-python-utils]: Start processing: fabric_fss_utils
[2023-05-11 00:01:12] INFO root fetch - main [MainThread]: End processing [pyrc-python-utils]: success
[2023-05-11 00:01:12] INFO root fetch - processPackages [fabric_fss_utils]: New version: [1.5.0rc1] Old Version: [1.4.0]
[2023-05-11 00:01:12] INFO root fetch - processPackages [mobie]: Downloading https://files.pythonhosted.org/packages/be/53/1e5409caf907127f9cc5bc94d09c4971567443cba0e1b0bf5e3bea2955ad/mobie-4.0.4.tar.gz
[2023-05-11 00:01:12] INFO root fetch - processPackages [nb-move-imports]: Start processing: catppuccin
[2023-05-11 00:01:12] INFO root fetch - main [MainThread]: End processing [nb-move-imports]: success
[2023-05-11 00:01:12] INFO root fetch - processPackages [catppuccin]: New version: [1.3.0] Old Version: [1.2.0]
[2023-05-11 00:01:12] INFO root fetch - processPackages [emmet-builders]: executing diffoscope
[2023-05-11 00:01:12] INFO root fetch - processPackages [emmet-builders]: podman run --user 0:0 --rm -w /home/abi/fetcher -v /home/abi/fetcher/tmp:/home/abi/fetcher/tmp:ro -v /home/abi/fetcher/20230511:/home/abi/fetcher/20230511:rw registry.salsa.debian.org/reproducible-builds/diffoscope --no-progress tmp/emmet-builders-0.9.2.tar.gz tmp/emmet-builders-0.9.3.tar.gz --markdown 20230511/e/emmet-builders/0.9.2-0.9.3/diff.md --exclude *.pyd
[2023-05-11 00:01:12] INFO root fetch - processPackages [mobie]: executing diffoscope
[2023-05-11 00:01:12] INFO root fetch - processPackages [mobie]: podman run --user 0:0 --rm -w /home/abi/fetcher -v /home/abi/fetcher/tmp:/home/abi/fetcher/tmp:ro -v /home/abi/fetcher/20230511:/home/abi/fetcher/20230511:rw registry.salsa.debian.org/reproducible-builds/diffoscope --no-progress tmp/mobie-4.0.3.tar.gz tmp/mobie-4.0.4.tar.gz --markdown 20230511/m/mobie/4.0.3-4.0.4/diff.md --exclude *.pyd
[2023-05-11 00:01:12] INFO root fetch - processPackages [bigraph-schema]: Start processing: nb-move-imports
[2023-05-11 00:01:12] INFO root fetch - main [MainThread]: End processing [bigraph-schema]: success
[2023-05-11 00:01:12] INFO root fetch - processPackages [nb-move-imports]: New version: [0.4.4] Old Version: [0.4.3]
[2023-05-11 00:01:12] INFO root fetch - processPackages [fabric_fss_utils]: Downloading https://files.pythonhosted.org/packages/ca/e2/3752b9b64491c1e96c104881f74093c0878c28221451925091d2321e7619/fabric_fss_utils-1.4.0.tar.gz
[2023-05-11 00:01:12] INFO root fetch - main [MainThread]: End processing [HandsomeSerialization]: success
[2023-05-11 00:01:12] INFO root fetch - processPackages [catppuccin]: executing diffoscope
[2023-05-11 00:01:12] INFO root fetch - processPackages [catppuccin]: podman run --user 0:0 --rm -w /home/abi/fetcher -v /home/abi/fetcher/tmp:/home/abi/fetcher/tmp:ro -v /home/abi/fetcher/20230511:/home/abi/fetcher/20230511:rw registry.salsa.debian.org/reproducible-builds/diffoscope --no-progress tmp/catppuccin-1.2.0.tar.gz tmp/catppuccin-1.3.0.tar.gz --markdown 20230511/c/catppuccin/1.2.0-1.3.0/diff.md --exclude *.pyd
[2023-05-11 00:01:12] INFO root fetch - processPackages [nb-move-imports]: Downloading https://files.pythonhosted.org/packages/14/64/aeb5645ca7feb769c7f38f29348c616f9c27d47d35c03db59213234b8ec7/nb_move_imports-0.4.4.tar.gz
[2023-05-11 00:01:12] INFO root fetch - main [MainThread]: End processing [autoprof]: success
[2023-05-11 00:01:12] INFO root fetch - main [MainThread]: End processing [emmet-core]: success
[2023-05-11 00:01:12] INFO root fetch - processPackages [nb-move-imports]: executing diffoscope
[2023-05-11 00:01:12] INFO root fetch - processPackages [nb-move-imports]: podman run --user 0:0 --rm -w /home/abi/fetcher -v /home/abi/fetcher/tmp:/home/abi/fetcher/tmp:ro -v /home/abi/fetcher/20230511:/home/abi/fetcher/20230511:rw registry.salsa.debian.org/reproducible-builds/diffoscope --no-progress tmp/nb_move_imports-0.4.3.tar.gz tmp/nb_move_imports-0.4.4.tar.gz --markdown 20230511/n/nb-move-imports/0.4.3-0.4.4/diff.md --exclude *.pyd
[2023-05-11 00:01:12] INFO root fetch - processPackages [fabric_fss_utils]: Downloading https://files.pythonhosted.org/packages/e9/01/4b97e64a2b727f5d45e4ba9dff1c87241437996595c0dfba6a26162f3974/fabric_fss_utils-1.5.0rc1.tar.gz
[2023-05-11 00:01:13] INFO root fetch - processPackages [fabric_fss_utils]: executing diffoscope
[2023-05-11 00:01:13] INFO root fetch - processPackages [fabric_fss_utils]: podman run --user 0:0 --rm -w /home/abi/fetcher -v /home/abi/fetcher/tmp:/home/abi/fetcher/tmp:ro -v /home/abi/fetcher/20230511:/home/abi/fetcher/20230511:rw registry.salsa.debian.org/reproducible-builds/diffoscope --no-progress tmp/fabric_fss_utils-1.4.0.tar.gz tmp/fabric_fss_utils-1.5.0rc1.tar.gz --markdown 20230511/f/fabric_fss_utils/1.4.0-1.5.0rc1/diff.md --exclude *.pyd
[2023-05-11 00:01:13] INFO root fetch - main [MainThread]: End processing [mobie]: success
[2023-05-11 00:01:14] INFO root fetch - main [MainThread]: End processing [catppuccin]: success
[2023-05-11 00:01:14] INFO root fetch - main [MainThread]: End processing [nb-move-imports]: success
[2023-05-11 00:01:14] INFO root fetch - main [MainThread]: End processing [emmet-builders]: success
[2023-05-11 00:01:15] INFO root fetch - main [MainThread]: End processing [svix]: success
[2023-05-11 00:01:16] INFO root fetch - main [MainThread]: End processing [kolibri-ml]: success
[2023-05-11 00:01:45] INFO root fetch - main [MainThread]: End processing [fabric_fss_utils]: success
[2023-05-11 00:01:45] INFO root fetch - main [MainThread]: Store serial: [18053256]
[2023-05-11 00:06:50] INFO root fetch - main [MainThread]: Get Changelog since Serial: [18053256]
[2023-05-11 00:06:54] INFO root fetch - main [MainThread]: Found 12 changed packages
[2023-05-11 00:06:54] INFO root fetch - processPackages [ThreadPoolExecutor-0_0]: Start processing: pyrc-python-utils
[2023-05-11 00:06:54] INFO root fetch - processPackages [ThreadPoolExecutor-0_1]: Start processing: dbt-oracle
[2023-05-11 00:06:54] INFO root fetch - processPackages [ThreadPoolExecutor-0_2]: Start processing: web3-ethereum-defi
[2023-05-11 00:06:54] INFO root fetch - processPackages [ThreadPoolExecutor-0_3]: Start processing: motrackers-test
[2023-05-11 00:06:54] INFO root fetch - processPackages [ThreadPoolExecutor-0_4]: Start processing: pulumi-github
[2023-05-11 00:06:54] INFO root fetch - processPackages [ThreadPoolExecutor-0_5]: Start processing: pyrc-python-utils
[2023-05-11 00:06:54] INFO root fetch - processPackages [ThreadPoolExecutor-0_6]: Start processing: named-enum
[2023-05-11 00:06:54] INFO root fetch - processPackages [ThreadPoolExecutor-0_7]: Start processing: enhanceezqq
[2023-05-11 00:06:54] INFO root fetch - processPackages [ThreadPoolExecutor-0_8]: Start processing: vision-xformer
[2023-05-11 00:06:54] INFO root fetch - processPackages [ThreadPoolExecutor-0_9]: Start processing: cartography
[2023-05-11 00:06:55] INFO root fetch - processPackages [pulumi-github]: New version: [5.9.0a1683752304] Old Version: [5.9.0a1683610445]
[2023-05-11 00:06:55] INFO root fetch - processPackages [enhanceezqq]: New version: [1.0.0.7] Old Version: [1.0.0.6]
[2023-05-11 00:06:55] INFO root fetch - processPackages [pyrc-python-utils]: New version: [1.0.9] Old Version: [1.0.8]
[2023-05-11 00:06:55] INFO root fetch - processPackages [pyrc-python-utils]: New version: [1.0.9] Old Version: [1.0.8]
[2023-05-11 00:06:55] INFO root fetch - processPackages [vision-xformer]: New version: [0.1.7] Old Version: [0.1.6]
[2023-05-11 00:06:55] WARNING root fetch - processPackages [motrackers-test]: Skipping, unable to determine old version
[2023-05-11 00:06:55] INFO root fetch - processPackages [motrackers-test]: Start processing: pulpcore
[2023-05-11 00:06:55] INFO root fetch - main [MainThread]: End processing [motrackers-test] error
[2023-05-11 00:06:55] INFO root fetch - processPackages [enhanceezqq]: executing diffoscope
[2023-05-11 00:06:55] INFO root fetch - processPackages [named-enum]: New version: [1.3.0] Old Version: [1.2.0]
[2023-05-11 00:06:55] INFO root fetch - processPackages [enhanceezqq]: podman run --user 0:0 --rm -w /home/abi/fetcher -v /home/abi/fetcher/tmp:/home/abi/fetcher/tmp:ro -v /home/abi/fetcher/20230511:/home/abi/fetcher/20230511:rw registry.salsa.debian.org/reproducible-builds/diffoscope --no-progress tmp/enhanceezqq-1.0.0.6.tar.gz tmp/enhanceezqq-1.0.0.7.tar.gz --markdown 20230511/e/enhanceezqq/1.0.0.6-1.0.0.7/diff.md --exclude *.pyd
[2023-05-11 00:06:55] INFO root fetch - processPackages [web3-ethereum-defi]: New version: [0.9] Old Version: [0.8]
[2023-05-11 00:06:55] INFO root fetch - processPackages [pyrc-python-utils]: executing diffoscope
[2023-05-11 00:06:55] INFO root fetch - processPackages [dbt-oracle]: New version: [1.5.0rc1] Old Version: [1.4.2rc1]
[2023-05-11 00:06:55] INFO root fetch - processPackages [pyrc-python-utils]: podman run --user 0:0 --rm -w /home/abi/fetcher -v /home/abi/fetcher/tmp:/home/abi/fetcher/tmp:ro -v /home/abi/fetcher/20230511:/home/abi/fetcher/20230511:rw registry.salsa.debian.org/reproducible-builds/diffoscope --no-progress tmp/pyrc-python-utils-1.0.8.tar.gz tmp/pyrc-python-utils-1.0.9.tar.gz --markdown 20230511/p/pyrc-python-utils/1.0.8-1.0.9/diff.md --exclude *.pyd
[2023-05-11 00:06:55] INFO root fetch - processPackages [pulumi-github]: executing diffoscope
[2023-05-11 00:06:55] INFO root fetch - processPackages [pulumi-github]: podman run --user 0:0 --rm -w /home/abi/fetcher -v /home/abi/fetcher/tmp:/home/abi/fetcher/tmp:ro -v /home/abi/fetcher/20230511:/home/abi/fetcher/20230511:rw registry.salsa.debian.org/reproducible-builds/diffoscope --no-progress tmp/pulumi_github-5.9.0a1683610445.tar.gz tmp/pulumi_github-5.9.0a1683752304.tar.gz --markdown 20230511/p/pulumi-github/5.9.0a1683610445-5.9.0a1683752304/diff.md --exclude *.pyd
[2023-05-11 00:06:55] INFO root fetch - processPackages [cartography]: New version: [0.9.0] Old Version: [0.8.0]
[2023-05-11 00:06:55] INFO root fetch - processPackages [vision-xformer]: executing diffoscope
[2023-05-11 00:06:55] INFO root fetch - processPackages [vision-xformer]: podman run --user 0:0 --rm -w /home/abi/fetcher -v /home/abi/fetcher/tmp:/home/abi/fetcher/tmp:ro -v /home/abi/fetcher/20230511:/home/abi/fetcher/20230511:rw registry.salsa.debian.org/reproducible-builds/diffoscope --no-progress tmp/vision_xformer-0.1.6.tar.gz tmp/vision_xformer-0.1.7.tar.gz --markdown 20230511/v/vision-xformer/0.1.6-0.1.7/diff.md --exclude *.pyd
[2023-05-11 00:06:55] INFO root fetch - processPackages [pulpcore]: New version: [3.9.1] Old Version: [3.9.0]
[2023-05-11 00:06:55] INFO root fetch - processPackages [pyrc-python-utils]: executing diffoscope
[2023-05-11 00:06:55] INFO root fetch - processPackages [pyrc-python-utils]: podman run --user 0:0 --rm -w /home/abi/fetcher -v /home/abi/fetcher/tmp:/home/abi/fetcher/tmp:ro -v /home/abi/fetcher/20230511:/home/abi/fetcher/20230511:rw registry.salsa.debian.org/reproducible-builds/diffoscope --no-progress tmp/pyrc-python-utils-1.0.8.tar.gz tmp/pyrc-python-utils-1.0.9.tar.gz --markdown 20230511/p/pyrc-python-utils/1.0.8-1.0.9/diff.md --exclude *.pyd
[2023-05-11 00:06:55] INFO root fetch - processPackages [pulpcore]: executing diffoscope
[2023-05-11 00:06:55] INFO root fetch - processPackages [pulpcore]: podman run --user 0:0 --rm -w /home/abi/fetcher -v /home/abi/fetcher/tmp:/home/abi/fetcher/tmp:ro -v /home/abi/fetcher/20230511:/home/abi/fetcher/20230511:rw registry.salsa.debian.org/reproducible-builds/diffoscope --no-progress tmp/pulpcore-3.9.0.tar.gz tmp/pulpcore-3.9.1.tar.gz --markdown 20230511/p/pulpcore/3.9.0-3.9.1/diff.md --exclude *.pyd
[2023-05-11 00:06:55] INFO root fetch - processPackages [web3-ethereum-defi]: Downloading https://files.pythonhosted.org/packages/f7/34/bc567b2d884ed84729cca7ee7fa158347e0f72fc19d964b3721fd4ad740b/web3-ethereum-defi-0.8.tar.gz
[2023-05-11 00:06:55] INFO root fetch - processPackages [dbt-oracle]: Downloading https://files.pythonhosted.org/packages/c0/89/7601eb95141c75164d5d1eff5cb95156a1e8a495d42f9c3b0344af97f25c/dbt-oracle-1.4.2rc1.tar.gz
[2023-05-11 00:06:55] INFO root fetch - processPackages [named-enum]: Downloading https://files.pythonhosted.org/packages/dd/20/27e9dbe597ec153613fb62304dd746dbd31d443e3867c86d36319d122602/named_enum-1.2.0.tar.gz
[2023-05-11 00:06:55] INFO root fetch - processPackages [cartography]: Downloading https://files.pythonhosted.org/packages/0c/1f/16b6664d81d1abdd57e0f6a133c955f70ed0486c06739a38a0f6f868af68/cartography-0.8.0.tar.gz
[2023-05-11 00:06:55] INFO root fetch - processPackages [named-enum]: Downloading https://files.pythonhosted.org/packages/f3/36/087822d01e24f643001457ff6bb31230d244838d25932545b9ac96ad29e7/named_enum-1.3.0.tar.gz
[2023-05-11 00:06:55] INFO root fetch - processPackages [dbt-oracle]: Downloading https://files.pythonhosted.org/packages/78/a2/2b6f09c069737e8aae76caa6b15c7703c0356ae073fd37d66feabf4760a6/dbt-oracle-1.5.0rc1.tar.gz
[2023-05-11 00:06:55] INFO root fetch - processPackages [cartography]: Downloading https://files.pythonhosted.org/packages/7f/d5/3c2223cf97c91e40b061ea40ddbfe85ed8faf4b3126699c78f4aa6b6b07d/cartography-0.9.0.tar.gz
[2023-05-11 00:06:55] INFO root fetch - processPackages [named-enum]: executing diffoscope
[2023-05-11 00:06:55] INFO root fetch - processPackages [named-enum]: podman run --user 0:0 --rm -w /home/abi/fetcher -v /home/abi/fetcher/tmp:/home/abi/fetcher/tmp:ro -v /home/abi/fetcher/20230511:/home/abi/fetcher/20230511:rw registry.salsa.debian.org/reproducible-builds/diffoscope --no-progress tmp/named_enum-1.2.0.tar.gz tmp/named_enum-1.3.0.tar.gz --markdown 20230511/n/named-enum/1.2.0-1.3.0/diff.md --exclude *.pyd
[2023-05-11 00:06:55] INFO root fetch - processPackages [dbt-oracle]: executing diffoscope
[2023-05-11 00:06:55] INFO root fetch - processPackages [dbt-oracle]: podman run --user 0:0 --rm -w /home/abi/fetcher -v /home/abi/fetcher/tmp:/home/abi/fetcher/tmp:ro -v /home/abi/fetcher/20230511:/home/abi/fetcher/20230511:rw registry.salsa.debian.org/reproducible-builds/diffoscope --no-progress tmp/dbt-oracle-1.4.2rc1.tar.gz tmp/dbt-oracle-1.5.0rc1.tar.gz --markdown 20230511/d/dbt-oracle/1.4.2rc1-1.5.0rc1/diff.md --exclude *.pyd
[2023-05-11 00:06:55] INFO root fetch - processPackages [cartography]: executing diffoscope
[2023-05-11 00:06:55] INFO root fetch - processPackages [cartography]: podman run --user 0:0 --rm -w /home/abi/fetcher -v /home/abi/fetcher/tmp:/home/abi/fetcher/tmp:ro -v /home/abi/fetcher/20230511:/home/abi/fetcher/20230511:rw registry.salsa.debian.org/reproducible-builds/diffoscope --no-progress tmp/cartography-0.8.0.tar.gz tmp/cartography-0.9.0.tar.gz --markdown 20230511/c/cartography/0.8.0-0.9.0/diff.md --exclude *.pyd
[2023-05-11 00:06:55] INFO root fetch - processPackages [web3-ethereum-defi]: Downloading https://files.pythonhosted.org/packages/02/9e/0b69309d6f37b54cc726ee3588483bd2d6bd07282539b30d2a04e48b82cd/web3-ethereum-defi-0.9.tar.gz
[2023-05-11 00:06:56] INFO root fetch - processPackages [web3-ethereum-defi]: executing diffoscope
[2023-05-11 00:06:56] INFO root fetch - processPackages [web3-ethereum-defi]: podman run --user 0:0 --rm -w /home/abi/fetcher -v /home/abi/fetcher/tmp:/home/abi/fetcher/tmp:ro -v /home/abi/fetcher/20230511:/home/abi/fetcher/20230511:rw registry.salsa.debian.org/reproducible-builds/diffoscope --no-progress tmp/web3-ethereum-defi-0.8.tar.gz tmp/web3-ethereum-defi-0.9.tar.gz --markdown 20230511/w/web3-ethereum-defi/0.8-0.9/diff.md --exclude *.pyd
[2023-05-11 00:06:56] INFO root fetch - processPackages [enhanceezqq]: Start processing: pulpcore-client
[2023-05-11 00:06:56] INFO root fetch - main [MainThread]: End processing [enhanceezqq]: success
[2023-05-11 00:06:56] INFO root fetch - processPackages [pulpcore-client]: New version: [3.9.1] Old Version: [3.9.0.dev1607297320]
[2023-05-11 00:06:56] INFO root fetch - processPackages [pulpcore-client]: executing diffoscope
[2023-05-11 00:06:56] INFO root fetch - processPackages [pulpcore-client]: podman run --user 0:0 --rm -w /home/abi/fetcher -v /home/abi/fetcher/tmp:/home/abi/fetcher/tmp:ro -v /home/abi/fetcher/20230511:/home/abi/fetcher/20230511:rw registry.salsa.debian.org/reproducible-builds/diffoscope --no-progress tmp/pulpcore-client-3.9.0.dev1607297320.tar.gz tmp/pulpcore-client-3.9.1.tar.gz --markdown 20230511/p/pulpcore-client/3.9.0.dev1607297320-3.9.1/diff.md --exclude *.pyd
[2023-05-11 00:06:56] INFO root fetch - main [MainThread]: End processing [pyrc-python-utils]: success
[2023-05-11 00:06:56] INFO root fetch - main [MainThread]: End processing [pyrc-python-utils]: success
[2023-05-11 00:06:57] INFO root fetch - main [MainThread]: End processing [vision-xformer]: success
[2023-05-11 00:06:57] INFO root fetch - main [MainThread]: End processing [named-enum]: success
[2023-05-11 00:06:58] INFO root fetch - main [MainThread]: End processing [cartography]: success
[2023-05-11 00:06:58] INFO root fetch - main [MainThread]: End processing [dbt-oracle]: success
[2023-05-11 00:06:58] INFO root fetch - main [MainThread]: End processing [pulpcore-client]: success
[2023-05-11 00:07:00] INFO root fetch - main [MainThread]: End processing [pulumi-github]: success
[2023-05-11 00:07:00] INFO root fetch - main [MainThread]: End processing [pulpcore]: success
[2023-05-11 00:07:30] INFO root fetch - main [MainThread]: End processing [web3-ethereum-defi]: success
[2023-05-11 00:07:30] INFO root fetch - main [MainThread]: Store serial: [18053293]
